11 Jun 2025 15:34:10 | INFO | --- AIplayer Plugin Starting ---
11 Jun 2025 15:34:10 | INFO | Log Path: /Users/nickfox137/Documents/chatty-channel/logs/AIplayer.log
11 Jun 2025 15:34:10 | INFO | OSC Sender connected to 127.0.0.1:8999 on attempt 1
11 Jun 2025 15:34:10 | INFO | OSC Receiver bound to ephemeral port 50000 for port assignment
11 Jun 2025 15:34:10 | INFO | Plugin Instance tempInstanceID: 56570e647f9441daa70b35b0c3a55657
11 Jun 2025 15:34:10 | INFO | Requesting port assignment from ChattyChannels (attempt 1/5)
11 Jun 2025 15:34:10 | INFO | Sending port request with tempID: 56570e647f9441daa70b35b0c3a55657, preferred: -1, responsePort: 50000
11 Jun 2025 15:34:10 | INFO | JUCE DSP calibration oscillator initialized
11 Jun 2025 15:34:10 | INFO | RMS telemetry timer will start after port assignment
11 Jun 2025 15:34:10 | INFO | RMS telemetry timer stopped
11 Jun 2025 15:34:10 | INFO | OSC listener unregistered.
11 Jun 2025 15:34:10 | INFO | --- AIplayer Plugin Shutting Down ---
11 Jun 2025 15:34:19 | INFO | --- AIplayer Plugin Starting ---
11 Jun 2025 15:34:19 | INFO | Log Path: /Users/nickfox137/Documents/chatty-channel/logs/AIplayer.log
11 Jun 2025 15:34:19 | INFO | OSC Sender connected to 127.0.0.1:8999 on attempt 1
11 Jun 2025 15:34:19 | INFO | OSC Receiver bound to ephemeral port 50000 for port assignment
11 Jun 2025 15:34:19 | INFO | Plugin Instance tempInstanceID: 2c8e54c3a7134c15a192e3c8a55afa38
11 Jun 2025 15:34:19 | INFO | Requesting port assignment from ChattyChannels (attempt 1/5)
11 Jun 2025 15:34:19 | INFO | Sending port request with tempID: 2c8e54c3a7134c15a192e3c8a55afa38, preferred: -1, responsePort: 50000
11 Jun 2025 15:34:19 | INFO | JUCE DSP calibration oscillator initialized
11 Jun 2025 15:34:19 | INFO | RMS telemetry timer will start after port assignment
11 Jun 2025 15:34:19 | INFO | prepareToPlay called. Sample Rate: 44100, Samples Per Block: 1024
11 Jun 2025 15:34:19 | INFO | JUCE DSP calibration oscillator prepared for sample rate: 44100
11 Jun 2025 15:34:19 | INFO | Received OSC message: /aiplayer/port_assignment with 3 arguments
11 Jun 2025 15:34:19 | INFO | Received port assignment: tempID=2c8e54c3a7134c15a192e3c8a55afa38, port=9001, status=assigned
11 Jun 2025 15:34:19 | INFO | Attempting to bind OSC receiver to assigned port 9001
11 Jun 2025 15:34:19 | INFO | Successfully bound OSC receiver to port 9001
11 Jun 2025 15:34:19 | INFO | Successfully bound to assigned port 9001
11 Jun 2025 15:34:19 | INFO | Plugin state restored.
11 Jun 2025 15:34:33 | INFO | releaseResources called.
11 Jun 2025 15:34:33 | INFO | RMS telemetry timer stopped
11 Jun 2025 15:34:33 | INFO | OSC listener unregistered.
11 Jun 2025 15:34:33 | INFO | --- AIplayer Plugin Shutting Down ---
d to ephemeral port 50000 for port assignment
11 Jun 2025 15:34:19 | INFO | Plugin Instance tempInstanceID: 0161bf1cefcb4ba8a9fadb9b1fa67afd
11 Jun 2025 15:34:19 | INFO | Requesting port assignment from ChattyChannels (attempt 1/5)
11 Jun 2025 15:34:19 | INFO | Sending port request with tempID: 0161bf1cefcb4ba8a9fadb9b1fa67afd, preferred: -1, responsePort: 50000
11 Jun 2025 15:34:19 | INFO | JUCE DSP calibration oscillator initialized
11 Jun 2025 15:34:19 | INFO | RMS telemetry timer will start after port assignment
11 Jun 2025 15:34:19 | INFO | Received OSC message: /aiplayer/port_assignment with 3 arguments
11 Jun 2025 15:34:19 | INFO | Received port assignment: tempID=0161bf1cefcb4ba8a9fadb9b1fa67afd, port=9002, status=assigned
11 Jun 2025 15:34:19 | INFO | Attempting to bind OSC receiver to assigned port 9002
11 Jun 2025 15:34:19 | INFO | prepareToPlay called. Sample Rate: 44100, Samples Per Block: 1024
11 Jun 2025 15:34:19 | INFO | JUCE DSP calibration oscillator prepared for sample rate: 44100
11 Jun 2025 15:34:19 | INFO | Successfully bound OSC receiver to port 9002
11 Jun 2025 15:34:19 | INFO | Successfully bound to assigned port 9002
11 Jun 2025 15:34:19 | INFO | Plugin state restored.
11 Jun 2025 15:34:31 | INFO | releaseResources called.
11 Jun 2025 15:34:31 | INFO | RMS telemetry timer stopped
11 Jun 2025 15:34:31 | INFO | OSC listener unregistered.
11 Jun 2025 15:34:31 | INFO | --- AIplayer Plugin Shutting Down ---
d to ephemeral port 50000 for port assignment
11 Jun 2025 15:34:19 | INFO | Plugin Instance tempInstanceID: af7825bb7699444c8eb296ef3d4dd153
11 Jun 2025 15:34:19 | INFO | Requesting port assignment from ChattyChannels (attempt 1/5)
11 Jun 2025 15:34:19 | INFO | Sending port request with tempID: af7825bb7699444c8eb296ef3d4dd153, preferred: -1, responsePort: 50000
11 Jun 2025 15:34:19 | INFO | JUCE DSP calibration oscillator initialized
11 Jun 2025 15:34:19 | INFO | RMS telemetry timer will start after port assignment
11 Jun 2025 15:34:19 | INFO | Received OSC message: /aiplayer/port_assignment with 3 arguments
11 Jun 2025 15:34:19 | INFO | Received port assignment: tempID=af7825bb7699444c8eb296ef3d4dd153, port=9003, status=assigned
11 Jun 2025 15:34:19 | INFO | Attempting to bind OSC receiver to assigned port 9003
11 Jun 2025 15:34:19 | INFO | prepareToPlay called. Sample Rate: 44100, Samples Per Block: 1024
11 Jun 2025 15:34:19 | INFO | JUCE DSP calibration oscillator prepared for sample rate: 44100
11 Jun 2025 15:34:19 | INFO | Successfully bound OSC receiver to port 9003
11 Jun 2025 15:34:19 | INFO | Successfully bound to assigned port 9003
11 Jun 2025 15:34:19 | INFO | Plugin state restored.
11 Jun 2025 15:34:29 | INFO | releaseResources called.
11 Jun 2025 15:34:29 | INFO | RMS telemetry timer stopped
11 Jun 2025 15:34:29 | INFO | OSC listener unregistered.
11 Jun 2025 15:34:29 | INFO | --- AIplayer Plugin Shutting Down ---
11 Jun 2025 15:34:37 | INFO | --- AIplayer Plugin Starting ---
11 Jun 2025 15:34:37 | INFO | Log Path: /Users/nickfox137/Documents/chatty-channel/logs/AIplayer.log
11 Jun 2025 15:34:37 | INFO | OSC Sender connected to 127.0.0.1:8999 on attempt 1
11 Jun 2025 15:34:37 | INFO | OSC Receiver bound to ephemeral port 50000 for port assignment
11 Jun 2025 15:34:37 | INFO | Plugin Instance tempInstanceID: e6a4b5493d95436dbe3b96198dc2f12e
11 Jun 2025 15:34:37 | INFO | Requesting port assignment from ChattyChannels (attempt 1/5)
11 Jun 2025 15:34:37 | INFO | Sending port request with tempID: e6a4b5493d95436dbe3b96198dc2f12e, preferred: -1, responsePort: 50000
11 Jun 2025 15:34:37 | INFO | JUCE DSP calibration oscillator initialized
11 Jun 2025 15:34:37 | INFO | RMS telemetry timer will start after port assignment
11 Jun 2025 15:34:37 | INFO | prepareToPlay called. Sample Rate: 44100, Samples Per Block: 1024
11 Jun 2025 15:34:37 | INFO | JUCE DSP calibration oscillator prepared for sample rate: 44100
11 Jun 2025 15:34:37 | INFO | Received OSC message: /aiplayer/port_assignment with 3 arguments
11 Jun 2025 15:34:37 | INFO | Received port assignment: tempID=e6a4b5493d95436dbe3b96198dc2f12e, port=9004, status=assigned
11 Jun 2025 15:34:37 | INFO | Attempting to bind OSC receiver to assigned port 9004
11 Jun 2025 15:34:37 | INFO | Successfully bound OSC receiver to port 9004
11 Jun 2025 15:34:37 | INFO | Successfully bound to assigned port 9004
11 Jun 2025 15:34:37 | INFO | Plugin state saved.
11 Jun 2025 15:34:37 | INFO | Plugin state saved.
11 Jun 2025 15:34:53 | INFO | Plugin state saved.
11 Jun 2025 15:35:03 | INFO | Received OSC message: /aiplayer/start_tone with 2 arguments
11 Jun 2025 15:35:03 | INFO | Received start_tone command: freq=137Hz, amp=-10dB
11 Jun 2025 15:35:03 | INFO | Calibration tone started: 137Hz at -10dB
11 Jun 2025 15:35:10 | INFO | Received OSC message: /aiplayer/stop_tone with 0 arguments
11 Jun 2025 15:35:10 | INFO | Received stop_tone command
11 Jun 2025 15:35:10 | INFO | Calibration tone stopped
11 Jun 2025 15:35:10 | INFO | Received OSC message: /aiplayer/track_uuid_assignment with 3 arguments
11 Jun 2025 15:35:10 | INFO | Received /aiplayer/track_uuid_assignment:
11 Jun 2025 15:35:10 | INFO |   tempIDToMatch: 3
11 Jun 2025 15:35:10 | INFO |   assignedUUID: e6a4b5493d95436dbe3b96198dc2f12e
11 Jun 2025 15:35:10 | INFO |   third arg: TR2
11 Jun 2025 15:35:10 | INFO | Matched pattern [port, tempID, trackUUID]
11 Jun 2025 15:35:10 | INFO | Plugin e6a4b5493d95436dbe3b96198dc2f12e successfully assigned LogicTrackUUID: TR2
11 Jun 2025 15:35:10 | INFO | Sent UUID assignment confirmation for track TR2
11 Jun 2025 16:13:17 | INFO | Received OSC message: /aiplayer/start_tone with 2 arguments
11 Jun 2025 16:13:17 | INFO | Received start_tone command: freq=137Hz, amp=-10dB
11 Jun 2025 16:13:17 | INFO | Calibration tone started: 137Hz at -10dB
11 Jun 2025 16:13:23 | INFO | Received OSC message: /aiplayer/stop_tone with 0 arguments
11 Jun 2025 16:13:23 | INFO | Received stop_tone command
11 Jun 2025 16:13:23 | INFO | Calibration tone stopped
11 Jun 2025 16:13:24 | INFO | Received OSC message: /aiplayer/start_tone with 2 arguments
11 Jun 2025 16:13:24 | INFO | Received start_tone command: freq=137Hz, amp=-10dB
11 Jun 2025 16:13:24 | INFO | Calibration tone started: 137Hz at -10dB
11 Jun 2025 16:13:25 | INFO | Received OSC message: /aiplayer/stop_tone with 0 arguments
11 Jun 2025 16:13:25 | INFO | Received stop_tone command
11 Jun 2025 16:13:25 | INFO | Calibration tone stopped
11 Jun 2025 16:13:25 | INFO | Received OSC message: /aiplayer/start_tone with 2 arguments
11 Jun 2025 16:13:25 | INFO | Received start_tone command: freq=137Hz, amp=-10dB
11 Jun 2025 16:13:25 | INFO | Calibration tone started: 137Hz at -10dB
11 Jun 2025 16:13:32 | INFO | Received OSC message: /aiplayer/stop_tone with 0 arguments
11 Jun 2025 16:13:32 | INFO | Received stop_tone command
11 Jun 2025 16:13:32 | INFO | Calibration tone stopped
11 Jun 2025 16:13:32 | INFO | Received OSC message: /aiplayer/start_tone with 2 arguments
11 Jun 2025 16:13:32 | INFO | Received start_tone command: freq=137Hz, amp=-10dB
11 Jun 2025 16:13:32 | INFO | Calibration tone started: 137Hz at -10dB
11 Jun 2025 16:13:39 | INFO | Received OSC message: /aiplayer/stop_tone with 0 arguments
11 Jun 2025 16:13:39 | INFO | Received stop_tone command
11 Jun 2025 16:13:39 | INFO | Calibration tone stopped
11 Jun 2025 16:13:40 | INFO | Received OSC message: /aiplayer/start_tone with 2 arguments
11 Jun 2025 16:13:40 | INFO | Received start_tone command: freq=137Hz, amp=-10dB
11 Jun 2025 16:13:40 | INFO | Calibration tone started: 137Hz at -10dB
11 Jun 2025 16:13:47 | INFO | Received OSC message: /aiplayer/stop_tone with 0 arguments
11 Jun 2025 16:13:47 | INFO | Received stop_tone command
11 Jun 2025 16:13:47 | INFO | Calibration tone stopped
11 Jun 2025 16:13:48 | INFO | Received OSC message: /aiplayer/start_tone with 2 arguments
11 Jun 2025 16:13:48 | INFO | Received start_tone command: freq=137Hz, amp=-10dB
11 Jun 2025 16:13:48 | INFO | Calibration tone started: 137Hz at -10dB
11 Jun 2025 16:13:55 | INFO | Received OSC message: /aiplayer/stop_tone with 0 arguments
11 Jun 2025 16:13:55 | INFO | Received stop_tone command
11 Jun 2025 16:13:55 | INFO | Calibration tone stopped
11 Jun 2025 16:13:56 | INFO | Received OSC message: /aiplayer/start_tone with 2 arguments
11 Jun 2025 16:13:56 | INFO | Received start_tone command: freq=137Hz, amp=-10dB
11 Jun 2025 16:13:56 | INFO | Calibration tone started: 137Hz at -10dB
11 Jun 2025 16:14:02 | INFO | Received OSC message: /aiplayer/stop_tone with 0 arguments
11 Jun 2025 16:14:03 | INFO | Received stop_tone command
11 Jun 2025 16:14:03 | INFO | Calibration tone stopped
11 Jun 2025 16:19:05 | INFO | Received OSC message: /aiplayer/start_tone with 2 arguments
11 Jun 2025 16:19:05 | INFO | Received start_tone command: freq=137Hz, amp=-10dB
11 Jun 2025 16:19:05 | INFO | Calibration tone started: 137Hz at -10dB
11 Jun 2025 16:19:12 | INFO | Received OSC message: /aiplayer/stop_tone with 0 arguments
11 Jun 2025 16:19:12 | INFO | Received stop_tone command
11 Jun 2025 16:19:12 | INFO | Calibration tone stopped
11 Jun 2025 16:19:13 | INFO | Received OSC message: /aiplayer/start_tone with 2 arguments
11 Jun 2025 16:19:13 | INFO | Received start_tone command: freq=137Hz, amp=-10dB
11 Jun 2025 16:19:13 | INFO | Calibration tone started: 137Hz at -10dB
11 Jun 2025 16:19:13 | INFO | Received OSC message: /aiplayer/stop_tone with 0 arguments
11 Jun 2025 16:19:13 | INFO | Received stop_tone command
11 Jun 2025 16:19:13 | INFO | Calibration tone stopped
11 Jun 2025 16:19:13 | INFO | Received OSC message: /aiplayer/start_tone with 2 arguments
11 Jun 2025 16:19:13 | INFO | Received start_tone command: freq=137Hz, amp=-10dB
11 Jun 2025 16:19:13 | INFO | Calibration tone started: 137Hz at -10dB
11 Jun 2025 16:19:20 | INFO | Received OSC message: /aiplayer/stop_tone with 0 arguments
11 Jun 2025 16:19:20 | INFO | Received stop_tone command
11 Jun 2025 16:19:20 | INFO | Calibration tone stopped
11 Jun 2025 16:19:21 | INFO | Received OSC message: /aiplayer/start_tone with 2 arguments
11 Jun 2025 16:19:21 | INFO | Received start_tone command: freq=137Hz, amp=-10dB
11 Jun 2025 16:19:21 | INFO | Calibration tone started: 137Hz at -10dB
11 Jun 2025 16:19:28 | INFO | Received OSC message: /aiplayer/stop_tone with 0 arguments
11 Jun 2025 16:19:28 | INFO | Received stop_tone command
11 Jun 2025 16:19:28 | INFO | Calibration tone stopped
11 Jun 2025 16:19:28 | INFO | Received OSC message: /aiplayer/start_tone with 2 arguments
11 Jun 2025 16:19:28 | INFO | Received start_tone command: freq=137Hz, amp=-10dB
11 Jun 2025 16:19:28 | INFO | Calibration tone started: 137Hz at -10dB
11 Jun 2025 16:19:35 | INFO | Received OSC message: /aiplayer/stop_tone with 0 arguments
11 Jun 2025 16:19:35 | INFO | Received stop_tone command
11 Jun 2025 16:19:35 | INFO | Calibration tone stopped
11 Jun 2025 16:19:36 | INFO | Received OSC message: /aiplayer/start_tone with 2 arguments
11 Jun 2025 16:19:36 | INFO | Received start_tone command: freq=137Hz, amp=-10dB
11 Jun 2025 16:19:36 | INFO | Calibration tone started: 137Hz at -10dB
11 Jun 2025 16:19:43 | INFO | Received OSC message: /aiplayer/stop_tone with 0 arguments
11 Jun 2025 16:19:43 | INFO | Received stop_tone command
11 Jun 2025 16:19:43 | INFO | Calibration tone stopped
11 Jun 2025 16:19:44 | INFO | Received OSC message: /aiplayer/start_tone with 2 arguments
11 Jun 2025 16:19:44 | INFO | Received start_tone command: freq=137Hz, amp=-10dB
11 Jun 2025 16:19:44 | INFO | Calibration tone started: 137Hz at -10dB
11 Jun 2025 16:19:50 | INFO | Received OSC message: /aiplayer/stop_tone with 0 arguments
11 Jun 2025 16:19:50 | INFO | Received stop_tone command
11 Jun 2025 16:19:50 | INFO | Calibration tone stopped
11 Jun 2025 16:20:40 | INFO | releaseResources called.
11 Jun 2025 16:20:40 | INFO | RMS telemetry timer stopped
11 Jun 2025 16:20:40 | INFO | OSC listener unregistered.
11 Jun 2025 16:20:40 | INFO | --- AIplayer Plugin Shutting Down ---
:28 | INFO | Received OSC message: /aiplayer/start_tone with 2 arguments
11 Jun 2025 16:19:28 | INFO | Received start_tone command: freq=137Hz, amp=-10dB
11 Jun 2025 16:19:28 | INFO | Calibration tone started: 137Hz at -10dB
11 Jun 2025 16:19:35 | INFO | Received OSC message: /aiplayer/stop_tone with 0 arguments
11 Jun 2025 16:19:35 | INFO | Received stop_tone command
11 Jun 2025 16:19:35 | INFO | Calibration tone stopped
11 Jun 2025 16:19:36 | INFO | Received OSC message: /aiplayer/start_tone with 2 arguments
11 Jun 2025 16:19:36 | INFO | Received start_tone command: freq=137Hz, amp=-10dB
11 Jun 2025 16:19:36 | INFO | Calibration tone started: 137Hz at -10dB
11 Jun 2025 16:19:43 | INFO | Received OSC message: /aiplayer/stop_tone with 0 arguments
11 Jun 2025 16:19:43 | INFO | Received stop_tone command
11 Jun 2025 16:19:43 | INFO | Calibration tone stopped
11 Jun 2025 16:19:44 | INFO | Received OSC message: /aiplayer/start_tone with 2 arguments
11 Jun 2025 16:19:44 | INFO | Received start_tone command: freq=137Hz, amp=-10dB
11 Jun 2025 16:19:44 | INFO | Calibration tone started: 137Hz at -10dB
11 Jun 2025 16:19:50 | INFO | Received OSC message: /aiplayer/stop_tone with 0 arguments
11 Jun 2025 16:19:50 | INFO | Received stop_tone command
11 Jun 2025 16:19:50 | INFO | Calibration tone stopped
ted: 137Hz at -10dB
11 Jun 2025 16:19:28 | INFO | Received OSC message: /aiplayer/stop_tone with 0 arguments
11 Jun 2025 16:19:28 | INFO | Received stop_tone command
11 Jun 2025 16:19:28 | INFO | Calibration tone stopped
11 Jun 2025 16:19:28 | INFO | Received OSC message: /aiplayer/start_tone with 2 arguments
11 Jun 2025 16:19:28 | INFO | Received start_tone command: freq=137Hz, amp=-10dB
11 Jun 2025 16:19:28 | INFO | Calibration tone started: 137Hz at -10dB
11 Jun 2025 16:19:35 | INFO | Received OSC message: /aiplayer/stop_tone with 0 arguments
11 Jun 2025 16:19:35 | INFO | Received stop_tone command
11 Jun 2025 16:19:35 | INFO | Calibration tone stopped
11 Jun 2025 16:19:36 | INFO | Received OSC message: /aiplayer/start_tone with 2 arguments
11 Jun 2025 16:19:36 | INFO | Received start_tone command: freq=137Hz, amp=-10dB
11 Jun 2025 16:19:36 | INFO | Calibration tone started: 137Hz at -10dB
11 Jun 2025 16:19:43 | INFO | Received OSC message: /aiplayer/stop_tone with 0 arguments
11 Jun 2025 16:19:43 | INFO | Received stop_tone command
11 Jun 2025 16:19:43 | INFO | Calibration tone stopped
11 Jun 2025 16:19:44 | INFO | Received OSC message: /aiplayer/start_tone with 2 arguments
11 Jun 2025 16:19:44 | INFO | Received start_tone command: freq=137Hz, amp=-10dB
11 Jun 2025 16:19:44 | INFO | Calibration tone started: 137Hz at -10dB
11 Jun 2025 16:19:50 | INFO | Received OSC message: /aiplayer/stop_tone with 0 arguments
11 Jun 2025 16:19:50 | INFO | Received stop_tone command
11 Jun 2025 16:19:50 | INFO | Calibration tone stopped
11 Jun 2025 16:38:48 | INFO | --- AIplayer Plugin Starting ---
11 Jun 2025 16:38:48 | INFO | Log Path: /Users/nickfox137/Documents/chatty-channel/logs/AIplayer.log
11 Jun 2025 16:38:48 | INFO | OSC Sender connected to 127.0.0.1:8999 on attempt 1
11 Jun 2025 16:38:48 | INFO | OSC Receiver bound to ephemeral port 50000 for port assignment
11 Jun 2025 16:38:48 | INFO | Plugin Instance tempInstanceID: 77f64ac05a5f4cabbcf27e04058aa9da
11 Jun 2025 16:38:48 | INFO | Requesting port assignment from ChattyChannels (attempt 1/5)
11 Jun 2025 16:38:48 | INFO | Sending port request with tempID: 77f64ac05a5f4cabbcf27e04058aa9da, preferred: -1, responsePort: 50000
11 Jun 2025 16:38:48 | INFO | JUCE DSP calibration oscillator initialized
11 Jun 2025 16:38:48 | INFO | RMS telemetry timer will start after port assignment
11 Jun 2025 16:38:48 | INFO | prepareToPlay called. Sample Rate: 44100, Samples Per Block: 1024
11 Jun 2025 16:38:48 | INFO | JUCE DSP calibration oscillator prepared for sample rate: 44100
11 Jun 2025 16:38:48 | INFO | Plugin state restored.
ting ---
11 Jun 2025 16:38:48 | INFO | Log Path: /Users/nickfox137/Documents/chatty-channel/logs/AIplayer.log
11 Jun 2025 16:38:48 | INFO | OSC Sender connected to 127.0.0.1:8999 on attempt 1
11 Jun 2025 16:38:48 | INFO | OSC Receiver bound to ephemeral port 50100 for port assignment
11 Jun 2025 16:38:48 | INFO | Plugin Instance tempInstanceID: f85d93f7150842259eeb0b960f7f6433
11 Jun 2025 16:38:48 | INFO | Requesting port assignment from ChattyChannels (attempt 1/5)
11 Jun 2025 16:38:48 | INFO | Sending port request with tempID: f85d93f7150842259eeb0b960f7f6433, preferred: -1, responsePort: 50100
11 Jun 2025 16:38:48 | INFO | JUCE DSP calibration oscillator initialized
11 Jun 2025 16:38:48 | INFO | RMS telemetry timer will start after port assignment
11 Jun 2025 16:38:48 | INFO | prepareToPlay called. Sample Rate: 44100, Samples Per Block: 1024
11 Jun 2025 16:38:48 | INFO | JUCE DSP calibration oscillator prepared for sample rate: 44100
11 Jun 2025 16:38:48 | INFO | Plugin state restored.
ting ---
11 Jun 2025 16:38:48 | INFO | Log Path: /Users/nickfox137/Documents/chatty-channel/logs/AIplayer.log
11 Jun 2025 16:38:48 | INFO | OSC Sender connected to 127.0.0.1:8999 on attempt 1
11 Jun 2025 16:38:48 | INFO | OSC Receiver bound to ephemeral port 50200 for port assignment
11 Jun 2025 16:38:48 | INFO | Plugin Instance tempInstanceID: dbd452cfd8bc414bb710634df39540b2
11 Jun 2025 16:38:48 | INFO | Requesting port assignment from ChattyChannels (attempt 1/5)
11 Jun 2025 16:38:48 | INFO | Sending port request with tempID: dbd452cfd8bc414bb710634df39540b2, preferred: -1, responsePort: 50200
11 Jun 2025 16:38:48 | INFO | JUCE DSP calibration oscillator initialized
11 Jun 2025 16:38:48 | INFO | RMS telemetry timer will start after port assignment
11 Jun 2025 16:38:48 | INFO | prepareToPlay called. Sample Rate: 44100, Samples Per Block: 1024
11 Jun 2025 16:38:48 | INFO | JUCE DSP calibration oscillator prepared for sample rate: 44100
11 Jun 2025 16:38:48 | INFO | Plugin state restored.
